<?xml version="1.0" encoding="UTF-8"?>
<testsuite name="com.example.myandroidapp.ExampleUnitTest" tests="1" skipped="0" failures="0" errors="0" timestamp="2023-01-05T13:06:00" hostname="Deverlys-MacBook-Air.local" time="0.001">
  <properties/>
  <testcase name="addition_isCorrect" classname="com.example.myandroidapp.ExampleUnitTest" time="0.001"/>
  <system-out><![CDATA[]]></system-out>
  <system-err><![CDATA[]]></system-err>
</testsuite>
